info it worked if it ends with ok
verbose cli [ '/usr/local/bin/node', '/usr/local/bin/npm', 'test' ]
info using npm@1.1.16
info using node@v0.8.1
verbose config file /Users/tom/.npmrc
verbose config file /usr/local/etc/npmrc
verbose config file /usr/local/lib/node_modules/npm/npmrc
ERR! Error: ENOENT, open '/Users/tom/.vim/package.json'
ERR! You may report this log at:
ERR!     <http://github.com/isaacs/npm/issues>
ERR! or email it to:
ERR!     <npm-@googlegroups.com>
ERR! 
ERR! System Darwin 11.4.0
ERR! command "/usr/local/bin/node" "/usr/local/bin/npm" "test"
ERR! cwd /Users/tom/.vim
ERR! node -v v0.8.1
ERR! npm -v 1.1.16
ERR! path /Users/tom/.vim/package.json
ERR! code ENOENT
ERR! message ENOENT, open '/Users/tom/.vim/package.json'
ERR! errno {}
verbose exit [ 1, true ]
